Dec-03 22:30:41.577 [main] DEBUG nextflow.cli.Launcher - $> nextflow run test.nf
Dec-03 22:30:41.723 [main] DEBUG nextflow.cli.CmdRun - N E X T F L O W  ~  version 24.10.1
Dec-03 22:30:41.756 [main] DEBUG nextflow.plugin.PluginsFacade - Setting up plugin manager > mode=prod; embedded=false; plugins-dir=/Users/sunsimeng/.nextflow/plugins; core-plugins: nf-amazon@2.9.1,nf-azure@1.10.2,nf-cloudcache@0.4.2,nf-codecommit@0.2.2,nf-console@1.1.4,nf-google@1.15.2,nf-tower@1.9.3,nf-wave@1.7.3
Dec-03 22:30:41.784 [main] INFO  o.pf4j.DefaultPluginStatusProvider - Enabled plugins: []
Dec-03 22:30:41.785 [main] INFO  o.pf4j.DefaultPluginStatusProvider - Disabled plugins: []
Dec-03 22:30:41.789 [main] INFO  org.pf4j.DefaultPluginManager - PF4J version 3.12.0 in 'deployment' mode
Dec-03 22:30:41.804 [main] INFO  org.pf4j.AbstractPluginManager - No plugins
Dec-03 22:30:41.832 [main] DEBUG nextflow.config.ConfigBuilder - Found config local: /Users/sunsimeng/Desktop/PhasePrediction/nextflow.config
Dec-03 22:30:41.835 [main] DEBUG nextflow.config.ConfigBuilder - Parsing config file: /Users/sunsimeng/Desktop/PhasePrediction/nextflow.config
Dec-03 22:30:41.874 [main] DEBUG n.secret.LocalSecretsProvider - Secrets store: /Users/sunsimeng/.nextflow/secrets/store.json
Dec-03 22:30:41.878 [main] DEBUG nextflow.secret.SecretsLoader - Discovered secrets providers: [nextflow.secret.LocalSecretsProvider@28782602] - activable => nextflow.secret.LocalSecretsProvider@28782602
Dec-03 22:30:41.884 [main] DEBUG nextflow.config.ConfigBuilder - Applying config profile: `standard`
Dec-03 22:30:42.545 [main] DEBUG nextflow.cli.CmdRun - Applied DSL=2 from script declaration
Dec-03 22:30:42.573 [main] DEBUG nextflow.cli.CmdRun - Launching `test.nf` [exotic_gutenberg] DSL2 - revision: 0c1f66794e
Dec-03 22:30:42.575 [main] DEBUG nextflow.plugin.PluginsFacade - Plugins default=[]
Dec-03 22:30:42.575 [main] DEBUG nextflow.plugin.PluginsFacade - Plugins resolved requirement=[]
Dec-03 22:30:42.653 [main] DEBUG nextflow.Session - Session UUID: fbed06b6-106e-4eb3-819a-6529b1eeb667
Dec-03 22:30:42.654 [main] DEBUG nextflow.Session - Run name: exotic_gutenberg
Dec-03 22:30:42.654 [main] DEBUG nextflow.Session - Executor pool size: 8
Dec-03 22:30:42.667 [main] DEBUG nextflow.file.FilePorter - File porter settings maxRetries=3; maxTransfers=50; pollTimeout=null
Dec-03 22:30:42.676 [main] DEBUG nextflow.util.ThreadPoolBuilder - Creating thread pool 'FileTransfer' minSize=10; maxSize=24; workQueue=LinkedBlockingQueue[10000]; allowCoreThreadTimeout=false
Dec-03 22:30:42.725 [main] DEBUG nextflow.cli.CmdRun - 
  Version: 24.10.1 build 5930
  Created: 18-11-2024 12:21 UTC (07:21 GMT-04:00)
  System: Mac OS X 14.4.1
  Runtime: Groovy 4.0.23 on Java HotSpot(TM) 64-Bit Server VM 19.0.1+10-21
  Encoding: UTF-8 (UTF-8)
  Process: 8761@SSMs-MacBook-Pro.local [127.0.0.1]
  CPUs: 8 - Mem: 8 GB (14.6 MB) - Swap: 3 GB (1.4 GB)
Dec-03 22:30:42.743 [main] DEBUG nextflow.Session - Work-dir: /Users/sunsimeng/Desktop/PhasePrediction/work [Mac OS X]
Dec-03 22:30:42.744 [main] DEBUG nextflow.Session - Script base path does not exist or is not a directory: /Users/sunsimeng/Desktop/PhasePrediction/bin
Dec-03 22:30:42.761 [main] DEBUG nextflow.executor.ExecutorFactory - Extension executors providers=[]
Dec-03 22:30:42.774 [main] DEBUG nextflow.Session - Observer factory: DefaultObserverFactory
Dec-03 22:30:42.804 [main] DEBUG nextflow.cache.CacheFactory - Using Nextflow cache factory: nextflow.cache.DefaultCacheFactory
Dec-03 22:30:42.821 [main] DEBUG nextflow.util.CustomThreadPool - Creating default thread pool > poolSize: 9; maxThreads: 1000
Dec-03 22:30:42.917 [main] DEBUG nextflow.Session - Session start
Dec-03 22:30:43.299 [main] DEBUG nextflow.script.ScriptRunner - > Launching execution
Dec-03 22:30:43.445 [main] DEBUG nextflow.script.ProcessConfig - Config settings `withName:preprocessData` matches process preprocessData
Dec-03 22:30:43.459 [main] DEBUG nextflow.executor.ExecutorFactory - << taskConfig executor: local
Dec-03 22:30:43.459 [main] DEBUG nextflow.executor.ExecutorFactory - >> processorType: 'local'
Dec-03 22:30:43.467 [main] DEBUG nextflow.executor.Executor - [warm up] executor > local
Dec-03 22:30:43.477 [main] DEBUG n.processor.LocalPollingMonitor - Creating local task monitor for executor 'local' > cpus=8; memory=8 GB; capacity=100; pollInterval=100ms; dumpInterval=5m
Dec-03 22:30:43.480 [main] DEBUG n.processor.TaskPollingMonitor - >>> barrier register (monitor: local)
Dec-03 22:30:43.573 [main] DEBUG nextflow.script.ProcessConfig - Config settings `withName:splitDataset` matches process splitDataset
Dec-03 22:30:43.579 [main] DEBUG nextflow.executor.ExecutorFactory - << taskConfig executor: local
Dec-03 22:30:43.580 [main] DEBUG nextflow.executor.ExecutorFactory - >> processorType: 'local'
Dec-03 22:30:43.589 [main] DEBUG nextflow.script.ProcessConfig - Config settings `withName:randomForestPrediction` matches process randomForestPrediction
Dec-03 22:30:43.590 [main] DEBUG nextflow.executor.ExecutorFactory - << taskConfig executor: local
Dec-03 22:30:43.591 [main] DEBUG nextflow.executor.ExecutorFactory - >> processorType: 'local'
Dec-03 22:30:43.613 [main] DEBUG nextflow.script.ProcessConfig - Config settings `withName:visualizeConfusionMatrix` matches process visualizeConfusionMatrix
Dec-03 22:30:43.614 [main] DEBUG nextflow.executor.ExecutorFactory - << taskConfig executor: local
Dec-03 22:30:43.614 [main] DEBUG nextflow.executor.ExecutorFactory - >> processorType: 'local'
Dec-03 22:30:43.622 [main] DEBUG nextflow.executor.ExecutorFactory - << taskConfig executor: local
Dec-03 22:30:43.622 [main] DEBUG nextflow.executor.ExecutorFactory - >> processorType: 'local'
Dec-03 22:30:43.626 [main] DEBUG nextflow.Session - Workflow process names [dsl2]: visualizePCA, splitDataset, preprocessData, visualizeConfusionMatrix, randomForestPrediction
Dec-03 22:30:43.627 [main] DEBUG nextflow.Session - Igniting dataflow network (11)
Dec-03 22:30:43.638 [main] DEBUG nextflow.processor.TaskProcessor - Starting process > preprocessData
Dec-03 22:30:43.638 [main] DEBUG nextflow.processor.TaskProcessor - Starting process > splitDataset
Dec-03 22:30:43.639 [main] DEBUG nextflow.processor.TaskProcessor - Starting process > randomForestPrediction
Dec-03 22:30:43.639 [main] DEBUG nextflow.processor.TaskProcessor - Starting process > visualizeConfusionMatrix
Dec-03 22:30:43.640 [main] DEBUG nextflow.processor.TaskProcessor - Starting process > visualizePCA
Dec-03 22:30:43.640 [main] DEBUG nextflow.script.ScriptRunner - Parsed script files:
  Script_47b7831c651c8362: /Users/sunsimeng/Desktop/PhasePrediction/test.nf
Dec-03 22:30:43.641 [main] DEBUG nextflow.script.ScriptRunner - > Awaiting termination 
Dec-03 22:30:43.641 [main] DEBUG nextflow.Session - Session await
Dec-03 22:30:43.833 [Task submitter] DEBUG n.executor.local.LocalTaskHandler - Launch cmd line: /bin/bash -ue .command.run
Dec-03 22:30:43.836 [Task submitter] INFO  nextflow.Session - [1e/47f854] Submitted process > preprocessData (1)
Dec-03 22:30:55.270 [Task monitor] DEBUG n.processor.TaskPollingMonitor - Task completed > TaskHandler[id: 1; name: preprocessData (1); status: COMPLETED; exit: 0; error: -; workDir: /Users/sunsimeng/Desktop/PhasePrediction/work/1e/47f854988e498824eda45289216bc2]
Dec-03 22:30:55.272 [Task monitor] DEBUG nextflow.util.ThreadPoolBuilder - Creating thread pool 'TaskFinalizer' minSize=10; maxSize=24; workQueue=LinkedBlockingQueue[10000]; allowCoreThreadTimeout=false
Dec-03 22:30:55.319 [Task submitter] DEBUG n.executor.local.LocalTaskHandler - Launch cmd line: /bin/bash -ue .command.run
Dec-03 22:30:55.320 [Task submitter] INFO  nextflow.Session - [4a/a4a2d3] Submitted process > splitDataset (1)
Dec-03 22:31:06.116 [Task monitor] DEBUG n.processor.TaskPollingMonitor - Task completed > TaskHandler[id: 2; name: splitDataset (1); status: COMPLETED; exit: 0; error: -; workDir: /Users/sunsimeng/Desktop/PhasePrediction/work/4a/a4a2d3473f99ddd7401df59b68e5b6]
Dec-03 22:31:06.151 [Task submitter] DEBUG n.executor.local.LocalTaskHandler - Launch cmd line: /bin/bash -ue .command.run
Dec-03 22:31:06.152 [Task submitter] INFO  nextflow.Session - [6c/ad4006] Submitted process > randomForestPrediction (1)
Dec-03 22:31:13.644 [Task monitor] DEBUG n.processor.TaskPollingMonitor - Task completed > TaskHandler[id: 3; name: randomForestPrediction (1); status: COMPLETED; exit: 0; error: -; workDir: /Users/sunsimeng/Desktop/PhasePrediction/work/6c/ad400606da7afc4f3302337022bff9]
Dec-03 22:31:13.666 [Task submitter] DEBUG n.executor.local.LocalTaskHandler - Launch cmd line: /bin/bash -ue .command.run
Dec-03 22:31:13.666 [Task submitter] INFO  nextflow.Session - [1c/ea63cd] Submitted process > visualizeConfusionMatrix (1)
Dec-03 22:31:13.672 [Task submitter] DEBUG n.executor.local.LocalTaskHandler - Launch cmd line: /bin/bash -ue .command.run
Dec-03 22:31:13.673 [Task submitter] INFO  nextflow.Session - [0d/4eda94] Submitted process > visualizePCA (1)
Dec-03 22:31:16.612 [Task monitor] DEBUG n.processor.TaskPollingMonitor - Task completed > TaskHandler[id: 5; name: visualizeConfusionMatrix (1); status: COMPLETED; exit: 0; error: -; workDir: /Users/sunsimeng/Desktop/PhasePrediction/work/1c/ea63cd4f25a94899ed91fcd81fd7db]
Dec-03 22:31:16.747 [Task monitor] DEBUG n.processor.TaskPollingMonitor - Task completed > TaskHandler[id: 4; name: visualizePCA (1); status: COMPLETED; exit: 0; error: -; workDir: /Users/sunsimeng/Desktop/PhasePrediction/work/0d/4eda94b5a2a8d3a048c15354e12eb3]
Dec-03 22:31:16.749 [main] DEBUG nextflow.Session - Session await > all processes finished
Dec-03 22:31:16.853 [Task monitor] DEBUG n.processor.TaskPollingMonitor - <<< barrier arrives (monitor: local) - terminating tasks monitor poll loop
Dec-03 22:31:16.854 [main] DEBUG nextflow.Session - Session await > all barriers passed
Dec-03 22:31:16.857 [main] DEBUG nextflow.util.ThreadPoolManager - Thread pool 'TaskFinalizer' shutdown completed (hard=false)
Dec-03 22:31:16.866 [main] DEBUG n.trace.WorkflowStatsObserver - Workflow completed > WorkflowStats[succeededCount=5; failedCount=0; ignoredCount=0; cachedCount=0; pendingCount=0; submittedCount=0; runningCount=0; retriesCount=0; abortedCount=0; succeedDuration=1m 23s; failedDuration=0ms; cachedDuration=0ms;loadCpus=0; loadMemory=0; peakRunning=2; peakCpus=4; peakMemory=8 GB; ]
Dec-03 22:31:17.074 [main] DEBUG nextflow.cache.CacheDB - Closing CacheDB done
Dec-03 22:31:17.102 [main] DEBUG nextflow.util.ThreadPoolManager - Thread pool 'FileTransfer' shutdown completed (hard=false)
Dec-03 22:31:17.103 [main] DEBUG nextflow.script.ScriptRunner - > Execution complete -- Goodbye
